<?xml version="1.0" encoding="UTF-8"?>
<testsuite xmlns:xsi="http://www.w3.org/2001/XMLSchema-instance" xsi:noNamespaceSchemaLocation="https://maven.apache.org/surefire/maven-surefire-plugin/xsd/surefire-test-report.xsd" version="3.0.2" name="hellocucumber.RunCucumberTest" time="0.089" tests="1" errors="0" skipped="0" failures="0">
  <properties>
[...]
</properties>
  <testcase name="可変長レコードを変換する - The example - Examples - Example #1.1" classname="可変長レコードを変換する - The example - Examples" time="0.032">
    <system-out><![CDATA[
Scenario Outline: The example               &amp#27;[90m# hellocucumber/example.feature:10&amp#27;[0m
  &amp#27;[32mGiven &amp#27;[0m&amp#27;[32m可変長レコード is &amp#27;[0m&amp#27;[32m&amp#27;[1m"A003AAAB002BB"&amp#27;[0m          &amp#27;[90m# hellocucumber.StepDefinitions.anExampleScenario(java.lang.String)&amp#27;[0m
  &amp#27;[32mWhen &amp#27;[0m&amp#27;[32mall step definitions are implemented&amp#27;[0m &amp#27;[90m# hellocucumber.StepDefinitions.allStepDefinitionsAreImplemented()&amp#27;[0m
  &amp#27;[32mThen &amp#27;[0m&amp#27;[32m変換結果 is &amp#27;[0m&amp#27;[32m&amp#27;[1m"AAA:BB"&amp#27;[0m                     &amp#27;[90m# hellocucumber.StepDefinitions.theScenarioPasses(java.lang.String)&amp#27;[0m
]]></system-out>
  </testcase>
</testsuite>